{"uuid":"6b6e38f5-6342-4d08-8e57-0abc68410d56","historyId":"1e17aa70ff6780e1f304cdd5a4ff3135","fullName":"Test1.test1","labels":[{"name":"package","value":"Test1"},{"name":"testClass","value":"Test1"},{"name":"testMethod","value":"test1"},{"name":"parentSuite","value":"Default Suite"},{"name":"suite","value":"demo"},{"name":"subSuite","value":"Test1"},{"name":"host","value":"LAPTOP-4CF4V5SG"},{"name":"thread","value":"24600@LAPTOP-4CF4V5SG.main(1)"},{"name":"framework","value":"testng"},{"name":"language","value":"java"}],"links":[],"name":"test1","status":"broken","statusDetails":{"known":false,"muted":false,"flaky":false,"message":"Error {\n  message='Error: strict mode violation: locator(\"xpath=//a[text()='Samsung galaxy s7']\") resolved to 2 elements:\n    1) <a class=\"hrefch\" href=\"prod.html?idp_=4\">Samsung galaxy s7</a> aka getByRole(AriaRole.LINK, new Page.GetByRoleOptions().setName(\"Samsung galaxy s7\")).first()\n    2) <a class=\"hrefch\" href=\"prod.html?idp_=4\">Samsung galaxy s7</a> aka getByRole(AriaRole.LINK, new Page.GetByRoleOptions().setName(\"Samsung galaxy s7\")).nth(1)\n\n=========================== logs ===========================\nwaiting for locator(\"xpath=//a[text()='Samsung galaxy s7']\")\n============================================================\n  name='Error\n  stack='Error: Error: strict mode violation: locator(\"xpath=//a[text()='Samsung galaxy s7']\") resolved to 2 elements:\n    1) <a class=\"hrefch\" href=\"prod.html?idp_=4\">Samsung galaxy s7</a> aka getByRole(AriaRole.LINK, new Page.GetByRoleOptions().setName(\"Samsung galaxy s7\")).first()\n    2) <a class=\"hrefch\" href=\"prod.html?idp_=4\">Samsung galaxy s7</a> aka getByRole(AriaRole.LINK, new Page.GetByRoleOptions().setName(\"Samsung galaxy s7\")).nth(1)\n\n=========================== logs ===========================\nwaiting for locator(\"xpath=//a[text()='Samsung galaxy s7']\")\n============================================================\n    at CRExecutionContext.evaluateWithArguments (C:\\Users\\Kareem\\AppData\\Local\\Temp\\playwright-java-14084263527380880326\\package\\lib\\server\\chromium\\crExecutionContext.js:92:33)\n    at async LongStandingScope._race (C:\\Users\\Kareem\\AppData\\Local\\Temp\\playwright-java-14084263527380880326\\package\\lib\\utils\\manualPromise.js:98:14)\n    at async evaluateExpression (C:\\Users\\Kareem\\AppData\\Local\\Temp\\playwright-java-14084263527380880326\\package\\lib\\server\\javascript.js:241:12)\n    at async C:\\Users\\Kareem\\AppData\\Local\\Temp\\playwright-java-14084263527380880326\\package\\lib\\server\\frames.js:940:22\n    at async Frame.retryWithProgressAndTimeouts (C:\\Users\\Kareem\\AppData\\Local\\Temp\\playwright-java-14084263527380880326\\package\\lib\\server\\frames.js:911:24)\n    at async C:\\Users\\Kareem\\AppData\\Local\\Temp\\playwright-java-14084263527380880326\\package\\lib\\server\\frames.js:995:29\n    at async ProgressController.run (C:\\Users\\Kareem\\AppData\\Local\\Temp\\playwright-java-14084263527380880326\\package\\lib\\server\\progress.js:92:22)\n    at async FrameDispatcher.click (C:\\Users\\Kareem\\AppData\\Local\\Temp\\playwright-java-14084263527380880326\\package\\lib\\server\\dispatchers\\frameDispatcher.js:154:12)\n    at async DispatcherConnection.dispatch (C:\\Users\\Kareem\\AppData\\Local\\Temp\\playwright-java-14084263527380880326\\package\\lib\\server\\dispatchers\\dispatcher.js:313:22)\n}","trace":"com.microsoft.playwright.PlaywrightException: Error {\n  message='Error: strict mode violation: locator(\"xpath=//a[text()='Samsung galaxy s7']\") resolved to 2 elements:\n    1) <a class=\"hrefch\" href=\"prod.html?idp_=4\">Samsung galaxy s7</a> aka getByRole(AriaRole.LINK, new Page.GetByRoleOptions().setName(\"Samsung galaxy s7\")).first()\n    2) <a class=\"hrefch\" href=\"prod.html?idp_=4\">Samsung galaxy s7</a> aka getByRole(AriaRole.LINK, new Page.GetByRoleOptions().setName(\"Samsung galaxy s7\")).nth(1)\n\n=========================== logs ===========================\nwaiting for locator(\"xpath=//a[text()='Samsung galaxy s7']\")\n============================================================\n  name='Error\n  stack='Error: Error: strict mode violation: locator(\"xpath=//a[text()='Samsung galaxy s7']\") resolved to 2 elements:\n    1) <a class=\"hrefch\" href=\"prod.html?idp_=4\">Samsung galaxy s7</a> aka getByRole(AriaRole.LINK, new Page.GetByRoleOptions().setName(\"Samsung galaxy s7\")).first()\n    2) <a class=\"hrefch\" href=\"prod.html?idp_=4\">Samsung galaxy s7</a> aka getByRole(AriaRole.LINK, new Page.GetByRoleOptions().setName(\"Samsung galaxy s7\")).nth(1)\n\n=========================== logs ===========================\nwaiting for locator(\"xpath=//a[text()='Samsung galaxy s7']\")\n============================================================\n    at CRExecutionContext.evaluateWithArguments (C:\\Users\\Kareem\\AppData\\Local\\Temp\\playwright-java-14084263527380880326\\package\\lib\\server\\chromium\\crExecutionContext.js:92:33)\n    at async LongStandingScope._race (C:\\Users\\Kareem\\AppData\\Local\\Temp\\playwright-java-14084263527380880326\\package\\lib\\utils\\manualPromise.js:98:14)\n    at async evaluateExpression (C:\\Users\\Kareem\\AppData\\Local\\Temp\\playwright-java-14084263527380880326\\package\\lib\\server\\javascript.js:241:12)\n    at async C:\\Users\\Kareem\\AppData\\Local\\Temp\\playwright-java-14084263527380880326\\package\\lib\\server\\frames.js:940:22\n    at async Frame.retryWithProgressAndTimeouts (C:\\Users\\Kareem\\AppData\\Local\\Temp\\playwright-java-14084263527380880326\\package\\lib\\server\\frames.js:911:24)\n    at async C:\\Users\\Kareem\\AppData\\Local\\Temp\\playwright-java-14084263527380880326\\package\\lib\\server\\frames.js:995:29\n    at async ProgressController.run (C:\\Users\\Kareem\\AppData\\Local\\Temp\\playwright-java-14084263527380880326\\package\\lib\\server\\progress.js:92:22)\n    at async FrameDispatcher.click (C:\\Users\\Kareem\\AppData\\Local\\Temp\\playwright-java-14084263527380880326\\package\\lib\\server\\dispatchers\\frameDispatcher.js:154:12)\n    at async DispatcherConnection.dispatch (C:\\Users\\Kareem\\AppData\\Local\\Temp\\playwright-java-14084263527380880326\\package\\lib\\server\\dispatchers\\dispatcher.js:313:22)\n}\r\n\tat com.microsoft.playwright.impl.WaitableResult.get(WaitableResult.java:54)\r\n\tat com.microsoft.playwright.impl.ChannelOwner.runUntil(ChannelOwner.java:111)\r\n\tat com.microsoft.playwright.impl.Connection.sendMessage(Connection.java:126)\r\n\tat com.microsoft.playwright.impl.ChannelOwner.sendMessage(ChannelOwner.java:102)\r\n\tat com.microsoft.playwright.impl.FrameImpl.clickImpl(FrameImpl.java:252)\r\n\tat com.microsoft.playwright.impl.FrameImpl.lambda$click$8(FrameImpl.java:243)\r\n\tat com.microsoft.playwright.impl.LoggingSupport.lambda$withLogging$0(LoggingSupport.java:36)\r\n\tat com.microsoft.playwright.impl.LoggingSupport.withLogging(LoggingSupport.java:47)\r\n\tat com.microsoft.playwright.impl.ChannelOwner.withLogging(ChannelOwner.java:87)\r\n\tat com.microsoft.playwright.impl.LoggingSupport.withLogging(LoggingSupport.java:35)\r\n\tat com.microsoft.playwright.impl.FrameImpl.click(FrameImpl.java:243)\r\n\tat com.microsoft.playwright.impl.LocatorImpl.click(LocatorImpl.java:140)\r\n\tat com.microsoft.playwright.Locator.click(Locator.java:2341)\r\n\tat com.Interactions.Button.click(Button.java:16)\r\n\tat com.DemoBlaze.pages.HomePage.ChooseProduct(HomePage.java:84)\r\n\tat Test1.test1(Test1.java:17)\r\n\tat java.base/jdk.internal.reflect.DirectMethodHandleAccessor.invoke(DirectMethodHandleAccessor.java:103)\r\n\tat java.base/java.lang.reflect.Method.invoke(Method.java:580)\r\n\tat org.testng.internal.invokers.MethodInvocationHelper.invokeMethod(MethodInvocationHelper.java:141)\r\n\tat org.testng.internal.invokers.TestInvoker.invokeMethod(TestInvoker.java:686)\r\n\tat org.testng.internal.invokers.TestInvoker.invokeTestMethod(TestInvoker.java:230)\r\n\tat org.testng.internal.invokers.MethodRunner.runInSequence(MethodRunner.java:63)\r\n\tat org.testng.internal.invokers.TestInvoker$MethodInvocationAgent.invoke(TestInvoker.java:992)\r\n\tat org.testng.internal.invokers.TestInvoker.invokeTestMethods(TestInvoker.java:203)\r\n\tat org.testng.internal.invokers.TestMethodWorker.invokeTestMethods(TestMethodWorker.java:154)\r\n\tat org.testng.internal.invokers.TestMethodWorker.run(TestMethodWorker.java:134)\r\n\tat java.base/java.util.ArrayList.forEach(ArrayList.java:1597)\r\n\tat org.testng.TestRunner.privateRun(TestRunner.java:739)\r\n\tat org.testng.TestRunner.run(TestRunner.java:614)\r\n\tat org.testng.SuiteRunner.runTest(SuiteRunner.java:421)\r\n\tat org.testng.SuiteRunner.runSequentially(SuiteRunner.java:413)\r\n\tat org.testng.SuiteRunner.privateRun(SuiteRunner.java:373)\r\n\tat org.testng.SuiteRunner.run(SuiteRunner.java:312)\r\n\tat org.testng.SuiteRunnerWorker.runSuite(SuiteRunnerWorker.java:52)\r\n\tat org.testng.SuiteRunnerWorker.run(SuiteRunnerWorker.java:95)\r\n\tat org.testng.TestNG.runSuitesSequentially(TestNG.java:1274)\r\n\tat org.testng.TestNG.runSuitesLocally(TestNG.java:1208)\r\n\tat org.testng.TestNG.runSuites(TestNG.java:1112)\r\n\tat org.testng.TestNG.run(TestNG.java:1079)\r\n\tat com.intellij.rt.testng.IDEARemoteTestNG.run(IDEARemoteTestNG.java:65)\r\n\tat com.intellij.rt.testng.RemoteTestNGStarter.main(RemoteTestNGStarter.java:105)\r\nCaused by: com.microsoft.playwright.impl.DriverException: Error {\n  message='Error: strict mode violation: locator(\"xpath=//a[text()='Samsung galaxy s7']\") resolved to 2 elements:\n    1) <a class=\"hrefch\" href=\"prod.html?idp_=4\">Samsung galaxy s7</a> aka getByRole(AriaRole.LINK, new Page.GetByRoleOptions().setName(\"Samsung galaxy s7\")).first()\n    2) <a class=\"hrefch\" href=\"prod.html?idp_=4\">Samsung galaxy s7</a> aka getByRole(AriaRole.LINK, new Page.GetByRoleOptions().setName(\"Samsung galaxy s7\")).nth(1)\n\n=========================== logs ===========================\nwaiting for locator(\"xpath=//a[text()='Samsung galaxy s7']\")\n============================================================\n  name='Error\n  stack='Error: Error: strict mode violation: locator(\"xpath=//a[text()='Samsung galaxy s7']\") resolved to 2 elements:\n    1) <a class=\"hrefch\" href=\"prod.html?idp_=4\">Samsung galaxy s7</a> aka getByRole(AriaRole.LINK, new Page.GetByRoleOptions().setName(\"Samsung galaxy s7\")).first()\n    2) <a class=\"hrefch\" href=\"prod.html?idp_=4\">Samsung galaxy s7</a> aka getByRole(AriaRole.LINK, new Page.GetByRoleOptions().setName(\"Samsung galaxy s7\")).nth(1)\n\n=========================== logs ===========================\nwaiting for locator(\"xpath=//a[text()='Samsung galaxy s7']\")\n============================================================\n    at CRExecutionContext.evaluateWithArguments (C:\\Users\\Kareem\\AppData\\Local\\Temp\\playwright-java-14084263527380880326\\package\\lib\\server\\chromium\\crExecutionContext.js:92:33)\n    at async LongStandingScope._race (C:\\Users\\Kareem\\AppData\\Local\\Temp\\playwright-java-14084263527380880326\\package\\lib\\utils\\manualPromise.js:98:14)\n    at async evaluateExpression (C:\\Users\\Kareem\\AppData\\Local\\Temp\\playwright-java-14084263527380880326\\package\\lib\\server\\javascript.js:241:12)\n    at async C:\\Users\\Kareem\\AppData\\Local\\Temp\\playwright-java-14084263527380880326\\package\\lib\\server\\frames.js:940:22\n    at async Frame.retryWithProgressAndTimeouts (C:\\Users\\Kareem\\AppData\\Local\\Temp\\playwright-java-14084263527380880326\\package\\lib\\server\\frames.js:911:24)\n    at async C:\\Users\\Kareem\\AppData\\Local\\Temp\\playwright-java-14084263527380880326\\package\\lib\\server\\frames.js:995:29\n    at async ProgressController.run (C:\\Users\\Kareem\\AppData\\Local\\Temp\\playwright-java-14084263527380880326\\package\\lib\\server\\progress.js:92:22)\n    at async FrameDispatcher.click (C:\\Users\\Kareem\\AppData\\Local\\Temp\\playwright-java-14084263527380880326\\package\\lib\\server\\dispatchers\\frameDispatcher.js:154:12)\n    at async DispatcherConnection.dispatch (C:\\Users\\Kareem\\AppData\\Local\\Temp\\playwright-java-14084263527380880326\\package\\lib\\server\\dispatchers\\dispatcher.js:313:22)\n}\r\n\tat com.microsoft.playwright.impl.Connection.dispatch(Connection.java:226)\r\n\tat com.microsoft.playwright.impl.Connection.processOneMessage(Connection.java:206)\r\n\tat com.microsoft.playwright.impl.ChannelOwner.runUntil(ChannelOwner.java:109)\r\n\t... 39 more\r\n"},"stage":"finished","description":"End to End Test 1","steps":[],"attachments":[],"parameters":[{"name":"arg3","value":"Samsung galaxy s7"},{"name":"arg2","value":"phones"},{"name":"arg5","value":"MacBook Pro"},{"name":"arg4","value":"Laptops"},{"name":"arg1","value":"1234"},{"name":"arg0","value":"kareem1234"},{"name":"arg10","value":"2025"},{"name":"arg11","value":"Egypt"},{"name":"arg7","value":"cairo"},{"name":"arg6","value":"kareem"},{"name":"arg9","value":"5"},{"name":"arg8","value":"2581651"}],"start":1745049525282,"stop":1745049527815}